<?xml version="1.0" encoding="UTF-8"?>
<!-- Generated by org.testng.reporters.JUnitXMLReporter -->
<testsuite hostname="Aravind" ignored="0" name="My Own Application Test" tests="14" failures="1" timestamp="03 Jun 2025 14:34:56 GMT" time="124.619" errors="0">
  <testcase name="TestpageTitle" time="0.027" classname="my_own_created_htmlpages_Test.LoginPageTest"/>
  <testcase name="testValidLogin" time="6.084" classname="my_own_created_htmlpages_Test.LoginPageTest"/>
  <testcase name="testInvalidLogin" time="0.857" classname="my_own_created_htmlpages_Test.LoginPageTest"/>
  <testcase name="testBlankUsername" time="0.864" classname="my_own_created_htmlpages_Test.LoginPageTest"/>
  <testcase name="testBlankPassword" time="0.856" classname="my_own_created_htmlpages_Test.LoginPageTest"/>
  <testcase name="testBlankUsernameAndPassword" time="0.854" classname="my_own_created_htmlpages_Test.LoginPageTest"/>
  <testcase name="testErrorMessageDisplay" time="0.944" classname="my_own_created_htmlpages_Test.LoginPageTest"/>
  <testcase name="testFillNameAfterLogin" time="4.216" classname="my_own_created_htmlpages_Test.DashboardPageTest"/>
  <testcase name="testSelectGenderAfterLogin" time="4.228" classname="my_own_created_htmlpages_Test.DashboardPageTest"/>
  <testcase name="testSelectSkillAfterLogin" time="4.161" classname="my_own_created_htmlpages_Test.DashboardPageTest"/>
  <testcase name="testSelectCountryAfterLogin" time="4.457" classname="my_own_created_htmlpages_Test.DashboardPageTest"/>
  <testcase name="testUploadFileAfterLogin" time="4.097" classname="my_own_created_htmlpages_Test.DashboardPageTest"/>
  <testcase name="testClickAlertAndSaveAfterLogin" time="14.471" classname="my_own_created_htmlpages_Test.DashboardPageTest"/>
  <testcase name="testLogoutAfterLogin" time="4.201" classname="my_own_created_htmlpages_Test.DashboardPageTest">
    <failure type="java.lang.AssertionError" message="Logout failed or redirected to incorrect page expected [true] but found [false]">
      <![CDATA[java.lang.AssertionError: Logout failed or redirected to incorrect page expected [true] but found [false]
at my_own_created_htmlpages_Test.DashboardPageTest.testLogoutAfterLogin(DashboardPageTest.java:96)
... Removed 28 stack frames]]>
    </failure>
  </testcase> <!-- testLogoutAfterLogin -->
</testsuite> <!-- My Own Application Test -->
