<?xml version="1.0" encoding="UTF-8"?>
<!-- Generated by org.testng.reporters.JUnitXMLReporter -->
<testsuite hostname="Aravind" ignored="1" name="Homepage,Fruits page and cart page Validation" tests="2" failures="1" timestamp="26 May 2025 16:08:33 GMT" time="25.136" errors="0">
  <testcase name="ValidatesearchwithDataprovider" time="2.676" classname="TestCases.CartpageValidation"/>
  <testcase name="ValidatesearchwithDataprovider" time="10.505" classname="TestCases.CartpageValidation">
    <failure type="org.openqa.selenium.TimeoutException" message="Expected condition failed: waiting for visibility of element located by By.xpath: //img[@alt=&amp;apos;close icon&amp;apos;] (tried for 10 second(s) with 500 milliseconds interval)
Build info: version: &amp;apos;3.14.0&amp;apos;, revision: &amp;apos;aacccce0&amp;apos;, time: &amp;apos;2018-08-02T20:19:58.91Z&amp;apos;
System info: host: &amp;apos;ARAVIND&amp;apos;, ip: &amp;apos;192.168.12.90&amp;apos;, os.name: &amp;apos;Windows 7&amp;apos;, os.arch: &amp;apos;x86&amp;apos;, os.version: &amp;apos;6.1&amp;apos;, java.version: &amp;apos;1.8.0_251&amp;apos;
Driver info: org.openqa.selenium.chrome.ChromeDriver
Capabilities {acceptInsecureCerts: false, browserName: chrome, browserVersion: 109.0.5414.120, chrome: {chromedriverVersion: 109.0.5414.74 (e7c5703604da..., userDataDir: C:\Program Files\scoped_dir...}, goog:chromeOptions: {debuggerAddress: localhost:58025}, javascriptEnabled: true, networkConnectionEnabled: false, pageLoadStrategy: normal, platform: WINDOWS, platformName: WINDOWS, proxy: Proxy(), setWindowRect: true, strictFileInteractability: false, timeouts: {implicit: 0, pageLoad: 300000, script: 30000}, unhandledPromptBehavior: dismiss and notify, webauthn:extension:credBlob: true, webauthn:extension:largeBlob: true, webauthn:virtualAuthenticators: true}
Session ID: bedaa2c86f91f9508f65e0766fb4a2c4">
      <![CDATA[org.openqa.selenium.TimeoutException: Expected condition failed: waiting for visibility of element located by By.xpath: //img[@alt='close icon'] (tried for 10 second(s) with 500 milliseconds interval)
Build info: version: '3.14.0', revision: 'aacccce0', time: '2018-08-02T20:19:58.91Z'
System info: host: 'ARAVIND', ip: '192.168.12.90', os.name: 'Windows 7', os.arch: 'x86', os.version: '6.1', java.version: '1.8.0_251'
Driver info: org.openqa.selenium.chrome.ChromeDriver
Capabilities {acceptInsecureCerts: false, browserName: chrome, browserVersion: 109.0.5414.120, chrome: {chromedriverVersion: 109.0.5414.74 (e7c5703604da..., userDataDir: C:\Program Files\scoped_dir...}, goog:chromeOptions: {debuggerAddress: localhost:58025}, javascriptEnabled: true, networkConnectionEnabled: false, pageLoadStrategy: normal, platform: WINDOWS, platformName: WINDOWS, proxy: Proxy(), setWindowRect: true, strictFileInteractability: false, timeouts: {implicit: 0, pageLoad: 300000, script: 30000}, unhandledPromptBehavior: dismiss and notify, webauthn:extension:credBlob: true, webauthn:extension:largeBlob: true, webauthn:virtualAuthenticators: true}
Session ID: bedaa2c86f91f9508f65e0766fb4a2c4
at org.openqa.selenium.support.ui.WebDriverWait.timeoutException(WebDriverWait.java:113)
at org.openqa.selenium.support.ui.FluentWait.until(FluentWait.java:283)
at baseclass.Basepage.EX_wait(Basepage.java:43)
at pages.HomePage.Closelocation(HomePage.java:66)
at TestCases.CartpageValidation.ValidatesearchwithDataprovider(CartpageValidation.java:45)
... Removed 25 stack frames]]>
    </failure>
  </testcase> <!-- ValidatesearchwithDataprovider -->
  <testcase name="clickonplaceordertest" time="0.0" classname="TestCases.CartpageValidation">
    <ignored/>
  </testcase> <!-- clickonplaceordertest -->
</testsuite> <!-- Homepage,Fruits page and cart page Validation -->
